f:\stm32f7_robotics\visualgdb\debug\stm32f7_robotics.o
f:\stm32f7_robotics\visualgdb\debug\system_stm32f7xx.o
f:\stm32f7_robotics\visualgdb\debug\stm32f7_robotics.dep
f:\stm32f7_robotics\visualgdb\debug\system_stm32f7xx.dep
f:\stm32f7_robotics\visualgdb\debug\stm32f7_robotics.link.rsp
f:\stm32f7_robotics\visualgdb\debug\stm32f7_robotics.bin
f:\stm32f7_robotics\visualgdb\debug\stm32f7_robotics.alldeps
f:\stm32f7_robotics\visualgdb\debug\stm32f7_robotics
f:\stm32f7_robotics\visualgdb\debug\stm32f7_robotics.gcc.rsp
f:\stm32f7_robotics\visualgdb\debug\stm32f7_robotics.mkbin.rsp
f:\stm32f7_robotics\visualgdb\debug\system_stm32f7xx.gcc.rsp
f:\stm32f7_robotics\visualgdb\debug\_1_\stm32_comm_libs\cl_bfp.o
f:\stm32f7_robotics\visualgdb\debug\_1_\stm32_comm_libs\cl_delay.o
f:\stm32f7_robotics\visualgdb\debug\_1_\stm32_comm_libs\cl_printmsg.o
f:\stm32f7_robotics\visualgdb\debug\_1_\stm32_comm_libs\cl_systemclockupdate.o
f:\stm32f7_robotics\visualgdb\debug\_1_\stm32_comm_libs\cl_bfp.dep
f:\stm32f7_robotics\visualgdb\debug\_1_\stm32_comm_libs\cl_delay.dep
f:\stm32f7_robotics\visualgdb\debug\_1_\stm32_comm_libs\cl_printmsg.dep
f:\stm32f7_robotics\visualgdb\debug\_1_\stm32_comm_libs\cl_systemclockupdate.dep
f:\stm32f7_robotics\visualgdb\debug\_1_\stm32_comm_libs\cl_bfp.gcc.rsp
f:\stm32f7_robotics\visualgdb\debug\_1_\stm32_comm_libs\cl_delay.gcc.rsp
f:\stm32f7_robotics\visualgdb\debug\_1_\stm32_comm_libs\cl_printmsg.gcc.rsp
f:\stm32f7_robotics\visualgdb\debug\_1_\stm32_comm_libs\cl_systemclockupdate.gcc.rsp
f:\stm32f7_robotics\visualgdb\debug\__bsp_root__\stm32f7xxxx\startupfiles\startup_stm32f767xx.o
f:\stm32f7_robotics\visualgdb\debug\__bsp_root__\stm32f7xxxx\startupfiles\startup_stm32f767xx.dep
f:\stm32f7_robotics\visualgdb\debug\__bsp_root__\stm32f7xxxx\startupfiles\startup_stm32f767xx.gcc.rsp
f:\stm32f7_robotics\visualgdb\debug\__bsp_root__\stm32f7xxxx\stm32f7xx_hal_driver\src\stm32f7xx_ll_adc.o
f:\stm32f7_robotics\visualgdb\debug\__bsp_root__\stm32f7xxxx\stm32f7xx_hal_driver\src\stm32f7xx_ll_crc.o
f:\stm32f7_robotics\visualgdb\debug\__bsp_root__\stm32f7xxxx\stm32f7xx_hal_driver\src\stm32f7xx_ll_dac.o
f:\stm32f7_robotics\visualgdb\debug\__bsp_root__\stm32f7xxxx\stm32f7xx_hal_driver\src\stm32f7xx_ll_dma.o
f:\stm32f7_robotics\visualgdb\debug\__bsp_root__\stm32f7xxxx\stm32f7xx_hal_driver\src\stm32f7xx_ll_dma2d.o
f:\stm32f7_robotics\visualgdb\debug\__bsp_root__\stm32f7xxxx\stm32f7xx_hal_driver\src\stm32f7xx_ll_exti.o
f:\stm32f7_robotics\visualgdb\debug\__bsp_root__\stm32f7xxxx\stm32f7xx_hal_driver\src\stm32f7xx_ll_fmc.o
f:\stm32f7_robotics\visualgdb\debug\__bsp_root__\stm32f7xxxx\stm32f7xx_hal_driver\src\stm32f7xx_ll_gpio.o
f:\stm32f7_robotics\visualgdb\debug\__bsp_root__\stm32f7xxxx\stm32f7xx_hal_driver\src\stm32f7xx_ll_i2c.o
f:\stm32f7_robotics\visualgdb\debug\__bsp_root__\stm32f7xxxx\stm32f7xx_hal_driver\src\stm32f7xx_ll_lptim.o
f:\stm32f7_robotics\visualgdb\debug\__bsp_root__\stm32f7xxxx\stm32f7xx_hal_driver\src\stm32f7xx_ll_pwr.o
f:\stm32f7_robotics\visualgdb\debug\__bsp_root__\stm32f7xxxx\stm32f7xx_hal_driver\src\stm32f7xx_ll_rcc.o
f:\stm32f7_robotics\visualgdb\debug\__bsp_root__\stm32f7xxxx\stm32f7xx_hal_driver\src\stm32f7xx_ll_rng.o
f:\stm32f7_robotics\visualgdb\debug\__bsp_root__\stm32f7xxxx\stm32f7xx_hal_driver\src\stm32f7xx_ll_rtc.o
f:\stm32f7_robotics\visualgdb\debug\__bsp_root__\stm32f7xxxx\stm32f7xx_hal_driver\src\stm32f7xx_ll_sdmmc.o
f:\stm32f7_robotics\visualgdb\debug\__bsp_root__\stm32f7xxxx\stm32f7xx_hal_driver\src\stm32f7xx_ll_spi.o
f:\stm32f7_robotics\visualgdb\debug\__bsp_root__\stm32f7xxxx\stm32f7xx_hal_driver\src\stm32f7xx_ll_tim.o
f:\stm32f7_robotics\visualgdb\debug\__bsp_root__\stm32f7xxxx\stm32f7xx_hal_driver\src\stm32f7xx_ll_usart.o
f:\stm32f7_robotics\visualgdb\debug\__bsp_root__\stm32f7xxxx\stm32f7xx_hal_driver\src\stm32f7xx_ll_utils.o
f:\stm32f7_robotics\visualgdb\debug\__bsp_root__\stm32f7xxxx\stm32f7xx_hal_driver\src\stm32f7xx_ll_adc.dep
f:\stm32f7_robotics\visualgdb\debug\__bsp_root__\stm32f7xxxx\stm32f7xx_hal_driver\src\stm32f7xx_ll_crc.dep
f:\stm32f7_robotics\visualgdb\debug\__bsp_root__\stm32f7xxxx\stm32f7xx_hal_driver\src\stm32f7xx_ll_dac.dep
f:\stm32f7_robotics\visualgdb\debug\__bsp_root__\stm32f7xxxx\stm32f7xx_hal_driver\src\stm32f7xx_ll_dma.dep
f:\stm32f7_robotics\visualgdb\debug\__bsp_root__\stm32f7xxxx\stm32f7xx_hal_driver\src\stm32f7xx_ll_dma2d.dep
f:\stm32f7_robotics\visualgdb\debug\__bsp_root__\stm32f7xxxx\stm32f7xx_hal_driver\src\stm32f7xx_ll_exti.dep
f:\stm32f7_robotics\visualgdb\debug\__bsp_root__\stm32f7xxxx\stm32f7xx_hal_driver\src\stm32f7xx_ll_fmc.dep
f:\stm32f7_robotics\visualgdb\debug\__bsp_root__\stm32f7xxxx\stm32f7xx_hal_driver\src\stm32f7xx_ll_gpio.dep
f:\stm32f7_robotics\visualgdb\debug\__bsp_root__\stm32f7xxxx\stm32f7xx_hal_driver\src\stm32f7xx_ll_i2c.dep
f:\stm32f7_robotics\visualgdb\debug\__bsp_root__\stm32f7xxxx\stm32f7xx_hal_driver\src\stm32f7xx_ll_lptim.dep
f:\stm32f7_robotics\visualgdb\debug\__bsp_root__\stm32f7xxxx\stm32f7xx_hal_driver\src\stm32f7xx_ll_pwr.dep
f:\stm32f7_robotics\visualgdb\debug\__bsp_root__\stm32f7xxxx\stm32f7xx_hal_driver\src\stm32f7xx_ll_rcc.dep
f:\stm32f7_robotics\visualgdb\debug\__bsp_root__\stm32f7xxxx\stm32f7xx_hal_driver\src\stm32f7xx_ll_rng.dep
f:\stm32f7_robotics\visualgdb\debug\__bsp_root__\stm32f7xxxx\stm32f7xx_hal_driver\src\stm32f7xx_ll_rtc.dep
f:\stm32f7_robotics\visualgdb\debug\__bsp_root__\stm32f7xxxx\stm32f7xx_hal_driver\src\stm32f7xx_ll_sdmmc.dep
f:\stm32f7_robotics\visualgdb\debug\__bsp_root__\stm32f7xxxx\stm32f7xx_hal_driver\src\stm32f7xx_ll_spi.dep
f:\stm32f7_robotics\visualgdb\debug\__bsp_root__\stm32f7xxxx\stm32f7xx_hal_driver\src\stm32f7xx_ll_tim.dep
f:\stm32f7_robotics\visualgdb\debug\__bsp_root__\stm32f7xxxx\stm32f7xx_hal_driver\src\stm32f7xx_ll_usart.dep
f:\stm32f7_robotics\visualgdb\debug\__bsp_root__\stm32f7xxxx\stm32f7xx_hal_driver\src\stm32f7xx_ll_utils.dep
f:\stm32f7_robotics\visualgdb\debug\__bsp_root__\stm32f7xxxx\stm32f7xx_hal_driver\src\stm32f7xx_ll_adc.gcc.rsp
f:\stm32f7_robotics\visualgdb\debug\__bsp_root__\stm32f7xxxx\stm32f7xx_hal_driver\src\stm32f7xx_ll_crc.gcc.rsp
f:\stm32f7_robotics\visualgdb\debug\__bsp_root__\stm32f7xxxx\stm32f7xx_hal_driver\src\stm32f7xx_ll_dac.gcc.rsp
f:\stm32f7_robotics\visualgdb\debug\__bsp_root__\stm32f7xxxx\stm32f7xx_hal_driver\src\stm32f7xx_ll_dma.gcc.rsp
f:\stm32f7_robotics\visualgdb\debug\__bsp_root__\stm32f7xxxx\stm32f7xx_hal_driver\src\stm32f7xx_ll_dma2d.gcc.rsp
f:\stm32f7_robotics\visualgdb\debug\__bsp_root__\stm32f7xxxx\stm32f7xx_hal_driver\src\stm32f7xx_ll_exti.gcc.rsp
f:\stm32f7_robotics\visualgdb\debug\__bsp_root__\stm32f7xxxx\stm32f7xx_hal_driver\src\stm32f7xx_ll_fmc.gcc.rsp
f:\stm32f7_robotics\visualgdb\debug\__bsp_root__\stm32f7xxxx\stm32f7xx_hal_driver\src\stm32f7xx_ll_gpio.gcc.rsp
f:\stm32f7_robotics\visualgdb\debug\__bsp_root__\stm32f7xxxx\stm32f7xx_hal_driver\src\stm32f7xx_ll_i2c.gcc.rsp
f:\stm32f7_robotics\visualgdb\debug\__bsp_root__\stm32f7xxxx\stm32f7xx_hal_driver\src\stm32f7xx_ll_lptim.gcc.rsp
f:\stm32f7_robotics\visualgdb\debug\__bsp_root__\stm32f7xxxx\stm32f7xx_hal_driver\src\stm32f7xx_ll_pwr.gcc.rsp
f:\stm32f7_robotics\visualgdb\debug\__bsp_root__\stm32f7xxxx\stm32f7xx_hal_driver\src\stm32f7xx_ll_rcc.gcc.rsp
f:\stm32f7_robotics\visualgdb\debug\__bsp_root__\stm32f7xxxx\stm32f7xx_hal_driver\src\stm32f7xx_ll_rng.gcc.rsp
f:\stm32f7_robotics\visualgdb\debug\__bsp_root__\stm32f7xxxx\stm32f7xx_hal_driver\src\stm32f7xx_ll_rtc.gcc.rsp
f:\stm32f7_robotics\visualgdb\debug\__bsp_root__\stm32f7xxxx\stm32f7xx_hal_driver\src\stm32f7xx_ll_sdmmc.gcc.rsp
f:\stm32f7_robotics\visualgdb\debug\__bsp_root__\stm32f7xxxx\stm32f7xx_hal_driver\src\stm32f7xx_ll_spi.gcc.rsp
f:\stm32f7_robotics\visualgdb\debug\__bsp_root__\stm32f7xxxx\stm32f7xx_hal_driver\src\stm32f7xx_ll_tim.gcc.rsp
f:\stm32f7_robotics\visualgdb\debug\__bsp_root__\stm32f7xxxx\stm32f7xx_hal_driver\src\stm32f7xx_ll_usart.gcc.rsp
f:\stm32f7_robotics\visualgdb\debug\__bsp_root__\stm32f7xxxx\stm32f7xx_hal_driver\src\stm32f7xx_ll_utils.gcc.rsp
